Start testing: Mar 28 00:44 CEST
----------------------------------------------------------
1/1 Testing: test-a2
1/1 Test: test-a2
Command: "/home/maturk/git/CMM/a2-maturk/build/src/test-a2/test-a2"
Directory: /home/maturk/git/CMM/a2-maturk/build/src/test-a2
"test-a2" start time: Mar 28 00:44 CEST
Output:
----------------------------------------------------------
test_4_AnalyticJacobian[37m.....................................[1;31mFAILED[0m
Analytic Jacobian is not implemented.
 (error = 0 < tol = 0.0001)
 (error = 0 < tol = 0.0001)
 (error = 0 < tol = 0.0001)
 (error = 0 < tol = 0.0001)
 (error = 0 < tol = 0.0001)
 (error = 0 < tol = 0.0001)
 (error = 0 < tol = 0.0001)
 (error = 0 < tol = 0.0001)
 (error = 0 < tol = 0.0001)
 (error = 0 < tol = 0.0001)
 (error = 0 < tol = 0.0001)
 (error = 0 < tol = 0.0001)
 (error = 0 < tol = 0.0001)
 (error = 0 < tol = 0.0001)
 (error = 0 < tol = 0.0001)
 (error = 0 < tol = 0.0001)
 (error = 0 < tol = 0.0001)
 (error = 0 < tol = 0.0001)
 (error = 0 < tol = 0.0001)
 (error = 0 < tol = 0.0001)
 (error = 0 < tol = 0.0001)
 (error = 0 < tol = 0.0001)
 (error = 0 < tol = 0.0001)
 (error = 0 < tol = 0.0001)
 (error = 0 < tol = 0.0001)
 (error = 0 < tol = 0.0001)
 (error = 0 < tol = 0.0001)
 (error = 0 < tol = 0.0001)
 (error = 0 < tol = 0.0001)
 (error = 0 < tol = 0.0001)
 (error = 0 < tol = 0.0001)
 (error = 0 < tol = 0.0001)
 (error = 0 < tol = 0.0001)
 (error = 0 < tol = 0.0001)
 (error = 0 < tol = 0.0001)
 (error = 0 < tol = 0.0001)
 (error = 0 < tol = 0.0001)
 (error = 0 < tol = 0.0001)
 (error = 0 < tol = 0.0001)
 (error = 0 < tol = 0.0001)
 (error = 0 < tol = 0.0001)
 (error = 0 < tol = 0.0001)
 (error = 0 < tol = 0.0001)
 (error = 0 < tol = 0.0001)
 (error = 0 < tol = 0.0001)
 (error = 0 < tol = 0.0001)
 (error = 0 < tol = 0.0001)
 (error = 0 < tol = 0.0001)
 (error = 0 < tol = 0.0001)
 (error = 0 < tol = 0.0001)
 (error = 0 < tol = 0.0001)
 (error = 0 < tol = 0.0001)
 (error = 0 < tol = 0.0001)
 (error = 0 < tol = 0.0001)
 (error = 0 < tol = 0.0001)
 (error = 0 < tol = 0.0001)
 (error = 0 < tol = 0.0001)
 (error = 0 < tol = 0.0001)
 (error = 0 < tol = 0.0001)
 (error = 0 < tol = 0.0001)
Parent of joint 19 is 
13

test_1[37m......................................................[1;32mPASSED[0m
<end of output>
Test time =   0.00 sec
----------------------------------------------------------
Test Failed.
"test-a2" end time: Mar 28 00:44 CEST
"test-a2" time elapsed: 00:00:00
----------------------------------------------------------

End testing: Mar 28 00:44 CEST
